


ARM Macro Assembler    Page 1 


    1 00000000         
    2 00000000                 EXPORT           OSCtxSw
    3 00000000                 EXPORT           PendSV_Handler
    4 00000000                 EXPORT           LaunchOS
    5 00000000         ; EXPORT  SysTick_Handler
    6 00000000         ; EXPORT  HardFault_Handler
    7 00000000         
    8 00000000         
    9 00000000                 PRESERVE8
   10 00000000                 THUMB
   11 00000000                 AREA             CODE, CODE, READONLY
   12 00000000                 IMPORT           OldPt
   13 00000000                 IMPORT           RunPt
   14 00000000                 IMPORT           NewPt
   15 00000000         
   16 00000000         OSCtxSw
   17 00000000 4817            LDR              R0, =0xE000ED04 ; Trigger the P
                                                            endSV exception (ca
                                                            uses context switch
                                                            )
   18 00000002 F04F 5180       LDR              R1, =0x10000000
   19 00000006 6001            STR              R1, [R0]
   20 00000008         ;BX      LR
   21 00000008 BC0F            POP              {R0-R3}
   22 0000000A F85D CB04       POP              {R12}
   23 0000000E F85D EB04       POP              {LR}
   24 00000012 BD00            POP              {PC}
   25 00000014         
   26 00000014         
   27 00000014         PendSV_Handler
   28 00000014 B672            CPSID            I           ; 2) Prevent interr
                                                            upt during switch
   29 00000016 E92D 0FF0       PUSH             {R4-R11}    ; 3) Save remaining
                                                             regs r4-11
   30 0000001A 4812            LDR              R0, =OldPt  ; 4) R0=pointer to 
                                                            old thread
   31 0000001C 2800            CMP              R0, #0x0    ; is_kill
   32 0000001E BF1C 6801       LDRNE            R1, [R0]    ; R1 = OldPt
   33 00000022 F8C1 D000       STRNE            SP, [R1]    ; 5) Save MSP into 
                                                            TCB
   34 00000026 4910            LDR              R1, =NewPt  ; 6) R1 = RunPt->ne
                                                            xt
   35 00000028 6809            LDR              R1, [R1]
   36 0000002A 4810            LDR              R0, =RunPt
   37 0000002C 6001            STR              R1, [R0]    ; RunPt = R1
   38 0000002E F8D1 D000       LDR              SP, [R1]    ; 7) new thread SP 
                                                            in R2
   39 00000032 E8BD 0FF0       POP              {R4-R11}
   40 00000036 F04E 0E09       ORR              LR, LR, #0x09 ; 0xFFFFFFF9 (ret
                                                            urn to thread MSP)
   41 0000003A B662            CPSIE            I           ; 9) run with inter
                                                            rupts enabled
   42 0000003C 4770            BX               LR          ; 10) restore R0-R3
                                                            ,R12,LR,PC,PSR
   43 0000003E         
   44 0000003E         LaunchOS
   45 0000003E 480B            LDR              R0, =RunPt
   46 00000040 6802            LDR              R2,[R0]
   47 00000042 F8D2 D000       LDR              SP,[R2]



ARM Macro Assembler    Page 2 


   48 00000046 E8BD 0FF0       POP              {R4-R11}
   49 0000004A BC0F            POP              {R0-R3}
   50 0000004C F85D CB04       POP              {R12}
   51 00000050 F85D EB04       POP              {LR}        ;Discarded the orig
                                                            inal value
   52 00000054 F85D EB04       POP              {LR}        ;Loads PC
   53 00000058 BC02            POP              {R1}        ;Discard PSR
   54 0000005A B662            CPSIE            I           ;Enable Interrupts
   55 0000005C 4770            BX               LR
   56 0000005E         
   57 0000005E         ;HardFault_Handler
   58 0000005E         ; tst LR, #4                                            
                           
   59 0000005E         ; ite eq                                                
                          
   60 0000005E         ; mrseq r0, msp                                         
                          
   61 0000005E         ; mrsne r0, psp                                         
                          
   62 0000005E         ; ldr r1, [r0, #24]                                     
                           
   63 0000005E         ; ldr r2, handler2_address_const                        
                          
   64 0000005E         ; bx r2                                                 
                          
   65 0000005E         ; handler2_address_const: .word prvGetRegistersFromStack
                          
   66 0000005E         
   67 0000005E 00 00           ALIGN
   68 00000060         
   69 00000060                 END
              E000ED04 
              00000000 
              00000000 
              00000000 
Command Line: --debug --xref --cpu=Cortex-M4 --apcs=interwork --depend=.\osasm.
d -o.\osasm.o -IC:\Keil\ARM\RV31\INC -IC:\Keil\ARM\CMSIS\Include -IC:\Keil\ARM\
Inc\Luminary --predefine="__EVAL SETA 1" --list=.\osasm.lst OSasm.s



ARM Macro Assembler    Page 1 Alphabetic symbol ordering
Relocatable symbols

CODE 00000000

Symbol: CODE
   Definitions
      At line 11 in file OSasm.s
   Uses
      None
Comment: CODE unused
LaunchOS 0000003E

Symbol: LaunchOS
   Definitions
      At line 44 in file OSasm.s
   Uses
      At line 4 in file OSasm.s
Comment: LaunchOS used once
OSCtxSw 00000000

Symbol: OSCtxSw
   Definitions
      At line 16 in file OSasm.s
   Uses
      At line 2 in file OSasm.s
Comment: OSCtxSw used once
PendSV_Handler 00000014

Symbol: PendSV_Handler
   Definitions
      At line 27 in file OSasm.s
   Uses
      At line 3 in file OSasm.s
Comment: PendSV_Handler used once
4 symbols



ARM Macro Assembler    Page 1 Alphabetic symbol ordering
External symbols

NewPt 00000000

Symbol: NewPt
   Definitions
      At line 14 in file OSasm.s
   Uses
      At line 34 in file OSasm.s
Comment: NewPt used once
OldPt 00000000

Symbol: OldPt
   Definitions
      At line 12 in file OSasm.s
   Uses
      At line 30 in file OSasm.s
Comment: OldPt used once
RunPt 00000000

Symbol: RunPt
   Definitions
      At line 13 in file OSasm.s
   Uses
      At line 36 in file OSasm.s
      At line 45 in file OSasm.s

3 symbols
340 symbols in table
